<?xml version="1.0" encoding="UTF-8"?>
<testng-results ignored="0" total="1" passed="1" failed="0" skipped="0">
  <reporter-output>
    <line>
      <![CDATA[login sucessfull flipkaert=================================================================================================]]>
    </line>
    <line>
      <![CDATA[Add Tow Statements]]>
    </line>
  </reporter-output>
  <suite started-at="2023-03-24T18:07:25 IST" name="Default suite" finished-at="2023-03-24T18:07:31 IST" duration-ms="6248">
    <groups>
    </groups>
    <test started-at="2023-03-24T18:07:25 IST" name="Default test" finished-at="2023-03-24T18:07:31 IST" duration-ms="6248">
      <class name="GitPractice.FlipkartLogin">
        <test-method signature="login()[pri:0, instance:GitPractice.FlipkartLogin@6babf3bf]" started-at="2023-03-24T18:07:25 IST" name="login" finished-at="2023-03-24T18:07:31 IST" duration-ms="6184" status="PASS">
          <reporter-output>
            <line>
              <![CDATA[login sucessfull flipkaert=================================================================================================]]>
            </line>
            <line>
              <![CDATA[Add Tow Statements]]>
            </line>
          </reporter-output>
        </test-method> <!-- login -->
      </class> <!-- GitPractice.FlipkartLogin -->
    </test> <!-- Default test -->
  </suite> <!-- Default suite -->
</testng-results>
